C51 COMPILER V9.59.0.0   8255                                                              10/16/2018 17:09:38 PAGE 1   


C51 COMPILER V9.59.0.0, COMPILATION OF MODULE 8255
OBJECT MODULE PLACED IN .\Objects\8255.obj
COMPILER INVOKED BY: E:\Keil5\C51\BIN\C51.EXE 8255.c LARGE OPTIMIZE(8,SPEED) BROWSE DEBUG OBJECTEXTEND PRINT(.\Listings\
                    -8255.lst) TABS(2) OBJECT(.\Objects\8255.obj)

line level    source

   1          
   2          /***********************8255.c*****************************/
   3          #include "8255.h"
   4          
   5          //8255地址定义
   6          unsigned char xdata IO8255PortA _at_ 0xF800;
   7          unsigned char xdata IO8255PortB _at_ 0xF801;
   8          unsigned char xdata IO8255PortC _at_ 0xF802;
   9          unsigned char xdata IO8255PortCtl _at_ 0xF803;
  10          
  11          //8255初始化函数
  12          void IO8255Init(IO8255Init_t IO8255InitStuction)
  13          {
  14   1        unsigned char xdata initData = 0x80;
  15   1        
  16   1        //根据输入状态配置控制字并发送
  17   1        initData|=(IO8255InitStuction.portAInit.IO8255Mode<<5);
  18   1        initData|=(IO8255InitStuction.portAInit.IOInOrOut<<4);
  19   1        
  20   1        initData|=(IO8255InitStuction.portBInit.IO8255Mode<<2);
  21   1        initData|=(IO8255InitStuction.portBInit.IOInOrOut<<1);
  22   1        
  23   1        initData|=(IO8255InitStuction.portCUInit.IOInOrOut<<3);
  24   1        
  25   1        initData|=(IO8255InitStuction.portCLInit.IOInOrOut);
  26   1        
  27   1        IO8255PortCtl = initData;
  28   1        
  29   1      }
  30          
  31          //8255输出引脚置位复位函数
  32          void IO8255SetBit(IO8255PortDef_t IOPort , unsigned char IOBit , unsigned char state)
  33          {
  34   1        //根据端口号，引脚号和状态对对应的位进行置位和复位
  35   1        if(state)
  36   1        {
  37   2          switch(IOPort)
  38   2          {
  39   3            case PortA:
  40   3              IO8255PortA = IO8255PortA|(0x01<<IOBit);
  41   3            break;
  42   3            case PortB:
  43   3              IO8255PortB = IO8255PortB|(0x01<<IOBit);
  44   3            break;
  45   3            case PortC:
  46   3              IO8255PortCtl = 0x01|(IOBit<<1);
  47   3            break;
  48   3            default:
  49   3            break;
  50   3          }
  51   2        }
  52   1        else
  53   1        {
  54   2          switch(IOPort)
C51 COMPILER V9.59.0.0   8255                                                              10/16/2018 17:09:38 PAGE 2   

  55   2          {
  56   3            case PortA:
  57   3              IO8255PortA = IO8255PortA&(~(0x01<<IOBit));
  58   3            break;
  59   3            case PortB:
  60   3              IO8255PortB = IO8255PortB&(~(0x01<<IOBit));
  61   3            break;
  62   3            case PortC:
  63   3              IO8255PortCtl = 0x00|(IOBit<<1);
  64   3            break;
  65   3            default:
  66   3            break;
  67   3          } 
  68   2        }
  69   1      }
  70          
  71          //读取8255一个位的函数
  72          unsigned char IO8255ReadBit(IO8255PortDef_t IOPort , unsigned char IOBit)
  73          {
  74   1        //根据输入端口号和引脚号返回对应的位的值
  75   1        switch(IOPort)
  76   1        {
  77   2          case PortA:
  78   2            return (IO8255PortA&(0x01<<IOBit))!=0;
  79   2          break;
  80   2          case PortB:
  81   2            return (IO8255PortB&(0x01<<IOBit))!=0;
  82   2          break;
  83   2          case PortC:
  84   2            return (IO8255PortC&(0x01<<IOBit))!=0;
  85   2          break;
  86   2          default:
  87   2          break;
  88   2        }
  89   1      }
*** WARNING C291 IN LINE 89 OF 8255.c: not every exit path returns a value


MODULE INFORMATION:   STATIC OVERLAYABLE
   CODE SIZE        =    280    ----
   CONSTANT SIZE    =   ----    ----
   XDATA SIZE       =   ----       8
   PDATA SIZE       =   ----    ----
   DATA SIZE        =   ----    ----
   IDATA SIZE       =   ----    ----
   BIT SIZE         =   ----    ----
END OF MODULE INFORMATION.


C51 COMPILATION COMPLETE.  1 WARNING(S),  0 ERROR(S)
