C51 COMPILER V9.59.0.0   ADDA                                                              12/18/2018 22:58:56 PAGE 1   


C51 COMPILER V9.59.0.0, COMPILATION OF MODULE ADDA
OBJECT MODULE PLACED IN .\Objects\ADDA.obj
COMPILER INVOKED BY: E:\Keil5\C51\BIN\C51.EXE USERS\HardWare\ADDA.c LARGE OPTIMIZE(8,SPEED) BROWSE INCDIR(.\USERS\HardWa
                    -re;.\USERS) DEBUG OBJECTEXTEND PRINT(.\Listings\ADDA.lst) TABS(2) OBJECT(.\Objects\ADDA.obj)

line level    source

   1          /****************************ADDA.c***********************/
   2          #include "main.h"
   3          #include "ADDA.h"
   4          #include "HD7279.h"
   5          #include "82C54.h"
   6          
   7          unsigned char xdata DAC32 _at_ 0xFD00;
   8          unsigned char xdata ADC04 _at_ 0xFE00;
   9          unsigned char V1[32]={0x00,0x0f,0x1f,0x2f,0x3f,0x4f,0x5f,0x6f,0x7f,0x8f,0x9f,0xaf,0xbf,0xcf,0xdf,0xef,0xff
             -,0xef, \
  10                                    0xdf,0xcf,0xbf,0xaf,0x9f,0x8f,0x7f,0x6f,0x5f,0x4f,0x3f,0x2f,0x1f,0x0f};
  11          
  12          
  13          void LedShow(void)
  14          {
  15   1        uint8_t adcValue  = 0xFE00;
  16   1        
  17   1        P374 =~adcValue;
  18   1      }
  19          
  20          void AdcHD7279Show(void)
  21          {
  22   1        uint8_t adcValue  = 0xFE00;
  23   1        
  24   1        HD7279ShowInt(adcValue);
  25   1      }


MODULE INFORMATION:   STATIC OVERLAYABLE
   CODE SIZE        =     15    ----
   CONSTANT SIZE    =   ----    ----
   XDATA SIZE       =     32    ----
   PDATA SIZE       =   ----    ----
   DATA SIZE        =   ----    ----
   IDATA SIZE       =   ----    ----
   BIT SIZE         =   ----    ----
END OF MODULE INFORMATION.


C51 COMPILATION COMPLETE.  0 WARNING(S),  0 ERROR(S)
