C51 COMPILER V9.59.0.0   BASICIO                                                           10/16/2018 17:09:37 PAGE 1   


C51 COMPILER V9.59.0.0, COMPILATION OF MODULE BASICIO
OBJECT MODULE PLACED IN .\Objects\basicIO.obj
COMPILER INVOKED BY: E:\Keil5\C51\BIN\C51.EXE basicIO.c LARGE OPTIMIZE(8,SPEED) BROWSE DEBUG OBJECTEXTEND PRINT(.\Listin
                    -gs\basicIO.lst) TABS(2) OBJECT(.\Objects\basicIO.obj)

line level    source

   1          #include "basicIO.h"
   2          
   3          //74LS374对应地址
   4          unsigned char xdata chip374Adress _at_ 0xFA00;
   5          
   6          //74LS245对应地址
   7          unsigned char xdata chip245Adress _at_ 0xFB00;


MODULE INFORMATION:   STATIC OVERLAYABLE
   CODE SIZE        =   ----    ----
   CONSTANT SIZE    =   ----    ----
   XDATA SIZE       =   ----    ----
   PDATA SIZE       =   ----    ----
   DATA SIZE        =   ----    ----
   IDATA SIZE       =   ----    ----
   BIT SIZE         =   ----    ----
END OF MODULE INFORMATION.


C51 COMPILATION COMPLETE.  0 WARNING(S),  0 ERROR(S)
