C51 COMPILER V9.59.0.0   CS5550                                                            10/16/2018 22:59:29 PAGE 1   


C51 COMPILER V9.59.0.0, COMPILATION OF MODULE CS5550
OBJECT MODULE PLACED IN .\Objects\CS5550.obj
COMPILER INVOKED BY: E:\Keil5\C51\BIN\C51.EXE CS5550.c LARGE OPTIMIZE(8,SPEED) BROWSE DEBUG OBJECTEXTEND PRINT(.\Listing
                    -s\CS5550.lst) TABS(2) OBJECT(.\Objects\CS5550.obj)

line level    source

   1          /*************************CS5550.c******************************/
   2          
   3          #include "CS5550.h"
   4          #include "delay.h"
   5          #include "8255.h"
   6          
   7          //CS5550写一个字节函数
   8          void CS5550WriteByte(unsigned char message)
   9          {
  10   1        unsigned char xdata i = 0;
  11   1        //每个下降沿向SDI发送一位数据
  12   1        for(i = 0;i<8;i++)
  13   1        {
  14   2          CS5550_SCLK = 0;
  15   2      
  16   2          if(message&0x80)
  17   2          {
  18   3            CS5550_SDI = 1;
  19   3          }
  20   2          else
  21   2          {
  22   3            CS5550_SDI = 0;
  23   3          }
  24   2          Delay10Us(2);
  25   2          CS5550_SCLK = 1;
  26   2          Delay10Us(2);
  27   2          message<<=1;
  28   2      
  29   2        }
  30   1        CS5550_SCLK = 0;
  31   1      }
  32          
  33          //CS5550接收一个字节
  34          unsigned char CS5550RecieveByte(void)
  35          {
  36   1        unsigned char xdata recieveData = 0;
  37   1        unsigned char xdata i = 0;
  38   1        
  39   1        //每个时钟信号上升沿读取一位
  40   1        for(i = 0;i<8;i++)
  41   1        {
  42   2          //SDI上要产生同步信号
  43   2          if(i==7)
  44   2          {
  45   3            CS5550_SDI = 0;
  46   3          }
  47   2          else
  48   2          {
  49   3            CS5550_SDI = 1;
  50   3          }
  51   2      
  52   2          CS5550_SCLK = 0;  
  53   2          recieveData<<=1;
  54   2          Delay10Us(2);
C51 COMPILER V9.59.0.0   CS5550                                                            10/16/2018 22:59:29 PAGE 2   

  55   2          CS5550_SCLK = 1;
  56   2          Delay10Us(2);
  57   2          if(CS5550_SDO)
  58   2          {
  59   3            recieveData|=0x01;
  60   3          }
  61   2          else
  62   2          {
  63   3            recieveData&=(~0x01);
  64   3          }
  65   2      
  66   2        }
  67   1        return recieveData;
  68   1      }
  69          
  70          //CS5550发送命令函数
  71          void CS5550WriteCmd(unsigned char cmd, unsigned long value)
  72          {
  73   1        CS5550_CS = 0;
  74   1        CS5550WriteByte(cmd);
  75   1        CS5550WriteByte((value>>16)&0xff);
  76   1        CS5550WriteByte((value>>8)&0xff);
  77   1        CS5550WriteByte(value&0xff);
  78   1        CS5550_CS = 1;
  79   1      }
  80          
  81          //CS5550写寄存器函数
  82          void CS5550WriteRes(unsigned char cmd, unsigned long value)
  83          {
  84   1        CS5550_CS = 0;
  85   1        //写寄存器时地址加上0x40
  86   1        CS5550WriteByte(cmd+0x40);
  87   1        CS5550WriteByte((value>>16)&0xff);
  88   1        CS5550WriteByte((value>>8)&0xff);
  89   1        CS5550WriteByte(value&0xff);
  90   1        CS5550_CS = 1;
  91   1      }
  92          
  93          //CS5550读取寄存器
  94          unsigned long CS5550ReadRes(unsigned char cmd)
  95          {
  96   1        unsigned long xdata recieveData = 0;
  97   1        CS5550_CS = 0;
  98   1        CS5550WriteByte(cmd);
  99   1        recieveData|=((unsigned long)CS5550RecieveByte()<<16);
 100   1        recieveData|=((unsigned long)CS5550RecieveByte()<<8);
 101   1        recieveData|=CS5550RecieveByte();
 102   1        CS5550_CS = 1;
 103   1        return recieveData;
 104   1      }
 105          


MODULE INFORMATION:   STATIC OVERLAYABLE
   CODE SIZE        =    485    ----
   CONSTANT SIZE    =   ----    ----
   XDATA SIZE       =   ----      18
   PDATA SIZE       =   ----    ----
   DATA SIZE        =   ----    ----
   IDATA SIZE       =   ----    ----
   BIT SIZE         =   ----    ----
END OF MODULE INFORMATION.

C51 COMPILER V9.59.0.0   CS5550                                                            10/16/2018 22:59:29 PAGE 3   


C51 COMPILATION COMPLETE.  0 WARNING(S),  0 ERROR(S)
