C51 COMPILER V9.59.0.0   DECODE                                                            10/16/2018 17:09:37 PAGE 1   


C51 COMPILER V9.59.0.0, COMPILATION OF MODULE DECODE
OBJECT MODULE PLACED IN .\Objects\decode.obj
COMPILER INVOKED BY: E:\Keil5\C51\BIN\C51.EXE decode.c LARGE OPTIMIZE(8,SPEED) BROWSE DEBUG OBJECTEXTEND PRINT(.\Listing
                    -s\decode.lst) TABS(2) OBJECT(.\Objects\decode.obj)

line level    source

   1          #include "decode.h"
   2          
   3          //译码实验输出地址1
   4          unsigned char xdata decodeAdress1 _at_ 0xF800;
   5          
   6          //译码实验输出地址2
   7          unsigned char xdata decodeAdress2 _at_ 0xF900;


MODULE INFORMATION:   STATIC OVERLAYABLE
   CODE SIZE        =   ----    ----
   CONSTANT SIZE    =   ----    ----
   XDATA SIZE       =   ----    ----
   PDATA SIZE       =   ----    ----
   DATA SIZE        =   ----    ----
   IDATA SIZE       =   ----    ----
   BIT SIZE         =   ----    ----
END OF MODULE INFORMATION.


C51 COMPILATION COMPLETE.  0 WARNING(S),  0 ERROR(S)
