C51 COMPILER V9.59.0.0   DELAY                                                             11/08/2018 13:56:18 PAGE 1   


C51 COMPILER V9.59.0.0, COMPILATION OF MODULE DELAY
OBJECT MODULE PLACED IN .\Objects\delay.obj
COMPILER INVOKED BY: E:\Keil5\C51\BIN\C51.EXE USERS\HardWare\delay.c LARGE OPTIMIZE(8,SPEED) BROWSE INCDIR(.\USERS\HardW
                    -are;.\USERS) DEBUG OBJECTEXTEND PRINT(.\Listings\delay.lst) TABS(2) OBJECT(.\Objects\delay.obj)

line level    source

   1          
   2          /************************delay.c******************************/
   3          #include "delay.h"
   4          
   5          #define TIME_1_MS (355)
   6          #define TIME_10_US (4)
   7          //毫秒延时函数
   8          void DelayMs(unsigned int timeMs)
   9          {
  10   1        unsigned int xdata nMsCounter = 0;
  11   1        unsigned short xdata msCounter = 0;
  12   1        unsigned char xdata i = 0;
  13   1        for(nMsCounter = 0 ; nMsCounter < timeMs ; nMsCounter++)
  14   1        {
  15   2          for(msCounter = 0 ; msCounter < TIME_1_MS ; msCounter++)
  16   2          {
  17   3            i = 1;
  18   3          }
  19   2        }
  20   1      }
  21          
  22          //10微秒延时函数
  23          void Delay10Us(unsigned int timeUs)
  24          {
  25   1        unsigned int xdata nUsCounter = 0;
  26   1        unsigned char xdata usCounter = 0;
  27   1        for(nUsCounter = 0 ; nUsCounter < timeUs ; nUsCounter++)
  28   1        {
  29   2          for(usCounter = 0 ; usCounter < TIME_10_US ; usCounter++)
  30   2          {
  31   3          
  32   3          }
  33   2        }
  34   1      }
  35          


MODULE INFORMATION:   STATIC OVERLAYABLE
   CODE SIZE        =     67    ----
   CONSTANT SIZE    =   ----    ----
   XDATA SIZE       =   ----    ----
   PDATA SIZE       =   ----    ----
   DATA SIZE        =   ----    ----
   IDATA SIZE       =   ----    ----
   BIT SIZE         =   ----    ----
END OF MODULE INFORMATION.


C51 COMPILATION COMPLETE.  0 WARNING(S),  0 ERROR(S)
