C51 COMPILER V9.59.0.0   INTERRUPT                                                         12/27/2018 20:52:41 PAGE 1   


C51 COMPILER V9.59.0.0, COMPILATION OF MODULE INTERRUPT
OBJECT MODULE PLACED IN .\Objects\interrupt.obj
COMPILER INVOKED BY: E:\Keil5\C51\BIN\C51.EXE USERS\HardWare\interrupt.c LARGE OPTIMIZE(8,SPEED) BROWSE INCDIR(.\USERS\H
                    -ardWare;.\USERS) DEBUG OBJECTEXTEND PRINT(.\Listings\interrupt.lst) TABS(2) OBJECT(.\Objects\interrupt.obj)

line level    source

   1          /****************************interrupt.c********************************/
   2          
   3          #include "timer.h"
   4          #include "STC15F2K60S2.h"
   5          #include "main.h"
   6          #include "gpio.h"
   7          #include "interrupt.h"
   8          #include "delay.h"
   9          #include "82C55.h"
  10          #include "82C54.h"
  11          #include "ADDA.h"
  12          /*ËøêË°åÁ®ãÂ∫èÊ†áÂøó‰Ωç*/
  13          static uint8_t runFlag=0;
  14          /*** @brief   ËøêË°åÁ®ãÂ∫èÊ†áÂøó‰ΩçÁΩÆ1ÂáΩÊï∞
  15            *  @param   void           
  16            *  @retval  None 
  17            */
  18          void SetRunFlag(void)
  19          {
  20   1        runFlag=1;
  21   1      }
  22          /*** @brief    ÂæóÂà∞ÂΩìÂâçËøêË°åÊ†áÂøó‰ΩçÔºåËã•‰∏∫1Ôºå‰æøÁΩÆ0Âπ∂‰∏îÂú®‰∏ªÂáΩÊï∞Âà§Êñ≠Ôºå‰ΩøÂæó‰∏ªÂáΩÊï∞Ëø
             -êË°å‰∏ÄÊ¨°
  23            *  @param    void           
  24            *  @retval   ‰∏∫1‰∏ªÁ®ãÂ∫èËÉΩÂ§üËøêË°å‰∏ÄÊ¨°  ‰∏∫0‰∏ªÁ®ãÂ∫è‰∏çËøêË°å
  25            */
  26          uint8_t GetRunFlag(void)
  27          {
  28   1        if(runFlag)
  29   1        {
  30   2          runFlag =0;
  31   2          return 1; 
  32   2        }
  33   1        return 0;
  34   1      }
  35          /*** @brief   ÂÆöÊó∂Âô®0‰∏≠Êñ≠ timeCntËÆ°Êï∞ÔºåÂèØËÉΩËøõ‰∏ÄÊ¨°‰∏≠Êñ≠ÁöÑÊó∂Èó¥Â§™Áü≠ÔºåÈÄöËøáËΩØ‰ª∂Â¢û
  36                        Âä†ËÆ°Êó∂Êó∂Èó¥
  37                        ÈÄöËøáÈ¢ÑÁºñËØë#ifÂà§Êñ≠5msËøêË°åÂë®ÊúüÁî±Ë∞ÅÊèê‰æõ
  38            *  @param   void           
  39            *  @retval  None
  40            */
  41          static  uint32_t xdata timeCnt=0;
  42          void TIM0_Handler() interrupt 1 
  43          {
  44   1        /*DACËæìÂá∫*/
  45   1        #if ADDA_EXP == DAC_EXP
                DacOUT();
                #endif
  48   1        
  49   1        #if RUN_PERIOD_BY_TIM == FIVE_MS_RUN_BY_TIM0
  50   1          timeCnt++;
  51   1          if(timeCnt>=PERIOD_RUN)
  52   1          {
  53   2            timeCnt=0;
C51 COMPILER V9.59.0.0   INTERRUPT                                                         12/27/2018 20:52:41 PAGE 2   

  54   2            SetRunFlag();
  55   2          }
  56   1        #else
                  
                #endif
  59   1      }
  60          
  61          /*** @brief   ÂÆöÊó∂Âô®1‰∏≠Êñ≠ timeCntËÆ°Êï∞ÔºåÂèØËÉΩËøõ‰∏ÄÊ¨°‰∏≠Êñ≠ÁöÑÊó∂Èó¥Â§™Áü≠ÔºåÈÄöËøáËΩØ‰ª∂Â¢û
  62                        Âä†ËÆ°Êó∂Êó∂Èó¥
  63                        ÈÄöËøáÈ¢ÑÁºñËØë#ifÂà§Êñ≠5msËøêË°åÂë®ÊúüÁî±Ë∞ÅÊèê‰æõ
  64            *  @param   void           
  65            *  @retval  None  
  66            */
  67          void TIM1_Handler() interrupt 3
  68          {
  69   1        #if RUN_PERIOD_BY_TIM == FIVE_MS_RUN_BY_TIM1
                  timeCnt++;
                  if(timeCnt>=PERIOD_RUN)
                  {
                    timeCnt=0;
                    SetRunFlag();
                  }
                #else
  77   1        #endif
  78   1      }
  79          /*** @brief    Â§ñÈÉ®‰∏≠Êñ≠ÂàùÂßãÂåñÂáΩÊï∞
  80            *  @param    EXNumber ÂàùÂßãÂåñÂ§ñÈÉ®‰∏≠Êñ≠Â∫èÂè∑ 0/1   
  81            *  @param    workMode Â§ñÈÉ®‰∏≠Êñ≠Â∑•‰ΩúÊñπÂºè  EX_INTERRUPT_BY_LOW_LEVEL ‰ΩéÁîµÂπ≥Ëß¶Âèë EX_INTERRUPT_B
             -Y_EDGEËæπÊ≤øËß¶Âèë          
  82            *  @retval   None
  83            */
  84          void EXHandlerInit(uint8_t EXNumber,uint8_t workMode)
  85          {
  86   1        if(EXNumber==EX_INTERRUPT0)
  87   1        {
  88   2          EX0=1;
  89   2          IT0=workMode; 
  90   2        }
  91   1        else if(EXNumber==EX_INTERRUPT1)
  92   1        {
  93   2          EX1=1;
  94   2          IT1=workMode; 
  95   2        }
  96   1        EA = 1;
  97   1      }
  98          /*** @brief    Â§ñÈÉ®‰∏≠Êñ≠0‰∏≠Êñ≠ÂáΩÊï∞ gParam.c55LedMode Áî®Êù•ÊéßÂà∂ÁÅØÊòæÁ§∫Ê®°Âºè
  99            *  @param    void       
 100            *  @retval   None
 101            */
 102          void EX0Handler(void) interrupt 0
 103          {
 104   1        gParam.c55LedMode++;
 105   1        gParam.c55LedMode%=2;
 106   1        gParam.adcValue = GetAdcValue();
 107   1      //  gParam.flag++;
 108   1      //  gParam.flag%=2;
 109   1      //  P1=0xff;
 110   1      }
 111          /*** @brief    Â§ñÈÉ®‰∏≠Êñ≠1‰∏≠Êñ≠ÂáΩÊï∞ 
 112            *  @param    void       
 113            *  @retval   None
 114            */
C51 COMPILER V9.59.0.0   INTERRUPT                                                         12/27/2018 20:52:41 PAGE 3   

 115          void EX1Handler(void) interrupt 2
 116          {
 117   1      
 118   1      
 119   1      
 120   1      
 121   1      } 
 122          /*** @brief    ‰∏≤Âè£‰∏≠Êñ≠ÂáΩÊï∞
 123            *  @param    void       
 124            *  @retval   None
 125            */
 126          void USART_Handler(void)  interrupt 4 
 127          {
 128   1        if(RI)
 129   1        {
 130   2          RI=0;
 131   2          gParam.receiveDataByUsart = (uint8_t)SBUF;
 132   2        }
 133   1      }
 134          /*** @brief    ‰∏≠Êñ≠‰ºòÂÖàÁ∫ßÈÖçÁΩÆ
 135            *  @param    void       
 136            *  @retval   None
 137            */
 138          void Interrupt_Priority(uint8_t priority)
 139          {
 140   1          IP |= priority;
 141   1      }


MODULE INFORMATION:   STATIC OVERLAYABLE
   CODE SIZE        =    205    ----
   CONSTANT SIZE    =   ----    ----
   XDATA SIZE       =      3    ----
   PDATA SIZE       =   ----    ----
   DATA SIZE        =   ----    ----
   IDATA SIZE       =   ----    ----
   BIT SIZE         =   ----    ----
END OF MODULE INFORMATION.


C51 COMPILATION COMPLETE.  0 WARNING(S),  0 ERROR(S)
