C51 COMPILER V9.59.0.0   MAIN                                                              11/01/2018 18:38:40 PAGE 1   


C51 COMPILER V9.59.0.0, COMPILATION OF MODULE MAIN
OBJECT MODULE PLACED IN .\Objects\main.obj
COMPILER INVOKED BY: E:\Keil5\C51\BIN\C51.EXE USERS\main.c LARGE OPTIMIZE(8,SPEED) BROWSE INCDIR(.\USERS\HardWare;.\USER
                    -S) DEBUG OBJECTEXTEND PRINT(.\Listings\main.lst) TABS(2) OBJECT(.\Objects\main.obj)

line level    source

   1          
   2          /*******************************main.c***********************************/
   3          
   4          #include "STC15F2K60S2.h"
   5          #include "gpio.h"
   6          
   7          void main(void)
   8          {
   9   1        unsigned char a;
  10   1        P1=0xF0;
  11   1        while(1)
  12   1        {
  13   2      //      KeyControl();
  14   2      //      ShowKeyValue();
  15   2        }
  16   1      }
*** WARNING C280 IN LINE 9 OF USERS\main.c: 'a': unreferenced local variable
  17          
  18          
  19          
  20          
  21          
  22          
  23          
  24          
  25          


MODULE INFORMATION:   STATIC OVERLAYABLE
   CODE SIZE        =      5    ----
   CONSTANT SIZE    =   ----    ----
   XDATA SIZE       =   ----       1
   PDATA SIZE       =   ----    ----
   DATA SIZE        =   ----    ----
   IDATA SIZE       =   ----    ----
   BIT SIZE         =   ----    ----
END OF MODULE INFORMATION.


C51 COMPILATION COMPLETE.  1 WARNING(S),  0 ERROR(S)
