C51 COMPILER V9.59.0.0   P1IO                                                              10/16/2018 22:59:28 PAGE 1   


C51 COMPILER V9.59.0.0, COMPILATION OF MODULE P1IO
OBJECT MODULE PLACED IN .\Objects\p1IO.obj
COMPILER INVOKED BY: E:\Keil5\C51\BIN\C51.EXE p1IO.c LARGE OPTIMIZE(8,SPEED) BROWSE DEBUG OBJECTEXTEND PRINT(.\Listings\
                    -p1IO.lst) TABS(2) OBJECT(.\Objects\p1IO.obj)

line level    source

   1          #include "p1IO.h"
   2          #include "delay.h"
   3          #include "main.h"
   4          
   5          //P1口输出控制LED四个一组循环闪烁，输入为闪烁周期，单位毫秒
   6          void BlinkIn4(unsigned short period)
   7          {
   8   1        static unsigned short xdata blinkTimeCounter  = 0;
   9   1        
  10   1        blinkTimeCounter+=20;
  11   1        blinkTimeCounter%=2*period;
  12   1        
  13   1        if(blinkTimeCounter/period)
  14   1        {
  15   2          P1 = 0x0f;
  16   2        }
  17   1        else
  18   1        {
  19   2          P1 = 0xf0;
  20   2        }
  21   1      }
  22          
  23          //P1口输出控制LED流水灯，输入为流水等的周期，单位：毫秒
  24          void Flow(unsigned short flowPeriod)
  25          {
  26   1        static unsigned short xdata flowCounter = 0;
  27   1        static unsigned char xdata flowState = 0x01;
  28   1        
  29   1        flowCounter+=20;
  30   1        flowCounter%=flowPeriod;
  31   1        
  32   1        //电路连接为输出低时LED亮
  33   1        P1 = ~flowState;
  34   1        
  35   1        if(flowCounter == 0)
  36   1        {
  37   2          if(flowState!=0x80)
  38   2          {
  39   3            flowState<<=1;
  40   3          }
  41   2          else
  42   2          {
  43   3            flowState = 0x01;
  44   3          }
  45   2        }
  46   1        
  47   1      }
  48          
  49          //将P1口0~3位的输入输出到P1口4~7位，用开关控制LED亮灭
  50          void ShowInput(void)
  51          {
  52   1        unsigned char xdata p1Input = 0;
  53   1        
  54   1        //P1为准双向，在读取前要写入1，避免读取出错
C51 COMPILER V9.59.0.0   P1IO                                                              10/16/2018 22:59:28 PAGE 2   

  55   1        P1 |= P1_INPUT;
  56   1        
  57   1        p1Input = P1&P1_INPUT;
  58   1        
  59   1        p1Input<<=4;
  60   1        P1 = ~p1Input;
  61   1        
  62   1      }


MODULE INFORMATION:   STATIC OVERLAYABLE
   CODE SIZE        =    155    ----
   CONSTANT SIZE    =   ----    ----
   XDATA SIZE       =      5       2
   PDATA SIZE       =   ----    ----
   DATA SIZE        =   ----    ----
   IDATA SIZE       =   ----    ----
   BIT SIZE         =   ----    ----
END OF MODULE INFORMATION.


C51 COMPILATION COMPLETE.  0 WARNING(S),  0 ERROR(S)
