C51 COMPILER V9.59.0.0   PWM                                                               10/16/2018 22:59:29 PAGE 1   


C51 COMPILER V9.59.0.0, COMPILATION OF MODULE PWM
OBJECT MODULE PLACED IN .\Objects\pwm.obj
COMPILER INVOKED BY: E:\Keil5\C51\BIN\C51.EXE pwm.c LARGE OPTIMIZE(8,SPEED) BROWSE DEBUG OBJECTEXTEND PRINT(.\Listings\p
                    -wm.lst) TABS(2) OBJECT(.\Objects\pwm.obj)

line level    source

   1          /***********************pwm.c****************************/
   2          
   3          #include "pwm.h"
   4          /*****************还没有完成硬件驱动层程序，暂时直接配置寄存器******************/
   5          
   6          //PWM0初始化
   7          void PWM0Init(void)
   8          {
   9   1        //选择PWM输出引脚
  10   1        P_SW1&=(~(0x03<<4));
  11   1        //复位PCA控制寄存器
  12   1        CCON = 0;
  13   1        CL = 0;
  14   1        CH = 0;
  15   1        //配置时钟源
  16   1        CMOD |= 0x02;
  17   1        //8位PWM
  18   1        PCA_PWM0 = 0x00;
  19   1        //允许比较器和脉宽调节模式
  20   1        CCAPM0 |= 0x42;
  21   1      }
  22          
  23          void CCP1Init(void)
  24          {
  25   1        P_SW1&=(~(0x03<<4));
  26   1        CCON = 0;
  27   1        CL = 0;
  28   1        CH = 0;
  29   1        CMOD|=0x01;
  30   1        CCAP1H = 0;
  31   1        CCAP1L = 0;
  32   1        CCAPM1 = 0x21;
  33   1        EA = 1;
  34   1      }
  35          
  36          //配置PWM占空比
  37          void PWM0SetCompare(float compareValue)
  38          {
  39   1        CCAP0H = (unsigned char)(256.0f * (1.0f - compareValue));
  40   1        CCAP0L = (unsigned char)(256.0f * (1.0f - compareValue));
  41   1      }
  42          
  43          //PWM使能失能函数
  44          void PWMCmd(FunctionalState_t newState)
  45          {
  46   1        if(newState)
  47   1        {
  48   2          CR = 1;
  49   2        }
  50   1        else
  51   1        {
  52   2          CR = 0;
  53   2        }
  54   1      }
C51 COMPILER V9.59.0.0   PWM                                                               10/16/2018 22:59:29 PAGE 2   



MODULE INFORMATION:   STATIC OVERLAYABLE
   CODE SIZE        =     99    ----
   CONSTANT SIZE    =   ----    ----
   XDATA SIZE       =   ----       4
   PDATA SIZE       =   ----    ----
   DATA SIZE        =   ----    ----
   IDATA SIZE       =   ----    ----
   BIT SIZE         =   ----    ----
END OF MODULE INFORMATION.


C51 COMPILATION COMPLETE.  0 WARNING(S),  0 ERROR(S)
